[17:27:27] [Server thread/INFO]: Starting minecraft server version 1.7.10
[17:27:27] [Server thread/INFO]: Loading properties
[17:27:27] [Server thread/INFO]: Default game type: SURVIVAL
[17:27:27] [Server thread/INFO]: This server is running CraftBukkit version git-Spigot-1.7.9-R0.2-208-ge0f2e95 (MC: 1.7.10) (Implementing API version 1.7.10-R0.1-SNAPSHOT)
[17:27:27] [Server thread/INFO]: Unable to find file banned-players.json, creating it.
[17:27:27] [Server thread/INFO]: Unable to find file banned-ips.json, creating it.
[17:27:27] [Server thread/INFO]: Unable to find file ops.json, creating it.
[17:27:27] [Server thread/INFO]: Unable to find file whitelist.json, creating it.
[17:27:27] [Server thread/INFO]: Debug logging is disabled
[17:27:27] [Server thread/INFO]: Using 4 threads for Netty based IO
[17:27:27] [Server thread/INFO]: Server Ping Player Sample Count: 12
[17:27:27] [Server thread/INFO]: Generating keypair
[17:27:27] [Server thread/INFO]: Starting Minecraft server on *:25565
[17:27:27] [Server thread/INFO]: Set PluginClassLoader as parallel capable
[17:27:27] [Server thread/INFO]: [Vault] Loading Vault v1.4.1-b436
[17:27:27] [Server thread/INFO]: [Vault] Enabling Vault v1.4.1-b436
[17:27:27] [Server thread/INFO]: [Vault] [Permission] SuperPermissions loaded as backup permission system.
[17:27:27] [Server thread/INFO]: [Vault] Enabled Version 1.4.1-b436
[17:27:27] [Server thread/INFO]: **** Beginning UUID conversion, this may take A LONG time ****
[17:27:27] [Server thread/INFO]: Preparing level "world"
[17:27:27] [Server thread/INFO]: -------- World Settings For [world] --------
[17:27:27] [Server thread/INFO]: Chunks to Grow per Tick: 650
[17:27:27] [Server thread/INFO]: Clear tick list: false
[17:27:27] [Server thread/INFO]: View Distance: 10
[17:27:27] [Server thread/INFO]: Experience Merge Radius: 3.0
[17:27:27] [Server thread/INFO]: Item Despawn Rate: 6000
[17:27:27] [Server thread/INFO]: Item Merge Radius: 2.5
[17:27:27] [Server thread/INFO]: Arrow Despawn Rate: 1200
[17:27:27] [Server thread/INFO]: Zombie Aggressive Towards Villager: true
[17:27:27] [Server thread/INFO]: Allow Zombie Pigmen to spawn from portal blocks: true
[17:27:27] [Server thread/INFO]: Alternative Hopper Ticking: false
[17:27:27] [Server thread/INFO]: Hopper Transfer: 8 Hopper Check: 8 Hopper Amount: 1
[17:27:27] [Server thread/INFO]: Cactus Growth Modifier: 100%
[17:27:27] [Server thread/INFO]: Cane Growth Modifier: 100%
[17:27:27] [Server thread/INFO]: Melon Growth Modifier: 100%
[17:27:27] [Server thread/INFO]: Mushroom Growth Modifier: 100%
[17:27:27] [Server thread/INFO]: Pumpkin Growth Modifier: 100%
[17:27:27] [Server thread/INFO]: Sapling Growth Modifier: 100%
[17:27:27] [Server thread/INFO]: Wheat Growth Modifier: 100%
[17:27:27] [Server thread/INFO]: Structure Info Saving: true
[17:27:27] [Server thread/INFO]: Max TNT Explosions: 100
[17:27:27] [Server thread/INFO]: Sending up to 5 chunks per packet
[17:27:27] [Server thread/INFO]: Nerfing mobs spawned from spawners: false
[17:27:27] [Server thread/INFO]: Entity Tracking Range: Pl 48 / An 48 / Mo 48 / Mi 32 / Other 64
[17:27:27] [Server thread/INFO]: Entity Activation Range: An 32 / Mo 32 / Mi 16
[17:27:27] [Server thread/INFO]: Mob Spawn Range: 4
[17:27:27] [Server thread/INFO]: Anti X-Ray: true
[17:27:27] [Server thread/INFO]: 	Engine Mode: 1
[17:27:27] [Server thread/INFO]: 	Hidden Blocks: [14, 15, 16, 21, 48, 49, 54, 56, 73, 74, 82, 129, 130]
[17:27:27] [Server thread/INFO]: 	Replace Blocks: [1, 5]
[17:27:27] [Server thread/INFO]: Random Lighting Updates: false
[17:27:27] [Server thread/INFO]: Max Entity Collisions: 8
[17:27:27] [Server thread/INFO]: Custom Map Seeds:  Village: 10387312 Feature: 14357617
[17:27:27] [Server thread/INFO]: -------- World Settings For [world_nether] --------
[17:27:27] [Server thread/INFO]: Chunks to Grow per Tick: 650
[17:27:27] [Server thread/INFO]: Clear tick list: false
[17:27:27] [Server thread/INFO]: View Distance: 10
[17:27:27] [Server thread/INFO]: Experience Merge Radius: 3.0
[17:27:27] [Server thread/INFO]: Item Despawn Rate: 6000
[17:27:27] [Server thread/INFO]: Item Merge Radius: 2.5
[17:27:27] [Server thread/INFO]: Arrow Despawn Rate: 1200
[17:27:27] [Server thread/INFO]: Zombie Aggressive Towards Villager: true
[17:27:27] [Server thread/INFO]: Allow Zombie Pigmen to spawn from portal blocks: true
[17:27:27] [Server thread/INFO]: Alternative Hopper Ticking: false
[17:27:27] [Server thread/INFO]: Hopper Transfer: 8 Hopper Check: 8 Hopper Amount: 1
[17:27:27] [Server thread/INFO]: Cactus Growth Modifier: 100%
[17:27:27] [Server thread/INFO]: Cane Growth Modifier: 100%
[17:27:27] [Server thread/INFO]: Melon Growth Modifier: 100%
[17:27:27] [Server thread/INFO]: Mushroom Growth Modifier: 100%
[17:27:27] [Server thread/INFO]: Pumpkin Growth Modifier: 100%
[17:27:27] [Server thread/INFO]: Sapling Growth Modifier: 100%
[17:27:27] [Server thread/INFO]: Wheat Growth Modifier: 100%
[17:27:27] [Server thread/INFO]: Structure Info Saving: true
[17:27:27] [Server thread/INFO]: Max TNT Explosions: 100
[17:27:27] [Server thread/INFO]: Sending up to 5 chunks per packet
[17:27:27] [Server thread/INFO]: Nerfing mobs spawned from spawners: false
[17:27:27] [Server thread/INFO]: Entity Tracking Range: Pl 48 / An 48 / Mo 48 / Mi 32 / Other 64
[17:27:27] [Server thread/INFO]: Entity Activation Range: An 32 / Mo 32 / Mi 16
[17:27:27] [Server thread/INFO]: Mob Spawn Range: 4
[17:27:27] [Server thread/INFO]: Anti X-Ray: true
[17:27:27] [Server thread/INFO]: 	Engine Mode: 1
[17:27:27] [Server thread/INFO]: 	Hidden Blocks: [14, 15, 16, 21, 48, 49, 54, 56, 73, 74, 82, 129, 130]
[17:27:27] [Server thread/INFO]: 	Replace Blocks: [1, 5]
[17:27:27] [Server thread/INFO]: Random Lighting Updates: false
[17:27:27] [Server thread/INFO]: Max Entity Collisions: 8
[17:27:27] [Server thread/INFO]: Custom Map Seeds:  Village: 10387312 Feature: 14357617
[17:27:27] [Server thread/INFO]: -------- World Settings For [world_the_end] --------
[17:27:27] [Server thread/INFO]: Chunks to Grow per Tick: 650
[17:27:27] [Server thread/INFO]: Clear tick list: false
[17:27:27] [Server thread/INFO]: View Distance: 10
[17:27:27] [Server thread/INFO]: Experience Merge Radius: 3.0
[17:27:27] [Server thread/INFO]: Item Despawn Rate: 6000
[17:27:27] [Server thread/INFO]: Item Merge Radius: 2.5
[17:27:27] [Server thread/INFO]: Arrow Despawn Rate: 1200
[17:27:27] [Server thread/INFO]: Zombie Aggressive Towards Villager: true
[17:27:27] [Server thread/INFO]: Allow Zombie Pigmen to spawn from portal blocks: true
[17:27:27] [Server thread/INFO]: Alternative Hopper Ticking: false
[17:27:27] [Server thread/INFO]: Hopper Transfer: 8 Hopper Check: 8 Hopper Amount: 1
[17:27:27] [Server thread/INFO]: Cactus Growth Modifier: 100%
[17:27:27] [Server thread/INFO]: Cane Growth Modifier: 100%
[17:27:27] [Server thread/INFO]: Melon Growth Modifier: 100%
[17:27:27] [Server thread/INFO]: Mushroom Growth Modifier: 100%
[17:27:27] [Server thread/INFO]: Pumpkin Growth Modifier: 100%
[17:27:27] [Server thread/INFO]: Sapling Growth Modifier: 100%
[17:27:27] [Server thread/INFO]: Wheat Growth Modifier: 100%
[17:27:27] [Server thread/INFO]: Structure Info Saving: true
[17:27:27] [Server thread/INFO]: Max TNT Explosions: 100
[17:27:27] [Server thread/INFO]: Sending up to 5 chunks per packet
[17:27:27] [Server thread/INFO]: Nerfing mobs spawned from spawners: false
[17:27:27] [Server thread/INFO]: Entity Tracking Range: Pl 48 / An 48 / Mo 48 / Mi 32 / Other 64
[17:27:27] [Server thread/INFO]: Entity Activation Range: An 32 / Mo 32 / Mi 16
[17:27:27] [Server thread/INFO]: Mob Spawn Range: 4
[17:27:27] [Server thread/INFO]: Anti X-Ray: true
[17:27:27] [Server thread/INFO]: 	Engine Mode: 1
[17:27:27] [Server thread/INFO]: 	Hidden Blocks: [14, 15, 16, 21, 48, 49, 54, 56, 73, 74, 82, 129, 130]
[17:27:27] [Server thread/INFO]: 	Replace Blocks: [1, 5]
[17:27:27] [Server thread/INFO]: Random Lighting Updates: false
[17:27:27] [Server thread/INFO]: Max Entity Collisions: 8
[17:27:27] [Server thread/INFO]: Custom Map Seeds:  Village: 10387312 Feature: 14357617
[17:27:27] [Server thread/INFO]: Preparing start region for level 0 (Seed: -7054488678052588251)
[17:27:28] [Server thread/INFO]: Preparing spawn area: 29%
[17:27:29] [Server thread/INFO]: Preparing spawn area: 67%
[17:27:30] [Server thread/INFO]: Preparing start region for level 1 (Seed: -7054488678052588251)
[17:27:31] [Server thread/INFO]: Preparing spawn area: 40%
[17:27:32] [Server thread/INFO]: Preparing spawn area: 88%
[17:27:33] [Server thread/INFO]: Preparing start region for level 2 (Seed: -7054488678052588251)
[17:27:33] [Server thread/INFO]: Done (5,844s)! For help, type "help" or "?"
[17:27:35] [Craft Scheduler Thread - 1/INFO]: [Vault] Checking for Updates:
[17:27:35] [Craft Scheduler Thread - 1/WARN]: [Vault] Stable Version: 1.7.3 is out! You are still running version: 1.4.1
[17:27:35] [Craft Scheduler Thread - 1/WARN]: [Vault] Update at: http://dev.bukkit.org/server-mods/vault
[17:27:36] [Server thread/INFO]: Plugins (1): [0;32;1mVault[m
[17:27:39] [Server thread/INFO]: CONSOLE: Stopping the server..[m
[17:27:39] [Server thread/INFO]: Stopping server
[17:27:39] [Server thread/INFO]: [Vault] Disabling Vault v1.4.1-b436
[17:27:39] [Server thread/INFO]: Saving players
[17:27:39] [Server thread/INFO]: Saving worlds
[17:27:39] [Server thread/INFO]: Saving chunks for level 'world'/Overworld
[17:27:40] [Server thread/INFO]: Saving chunks for level 'world_nether'/Nether
[17:27:40] [Server thread/INFO]: Saving chunks for level 'world_the_end'/The End
[17:27:40] [Thread-4/INFO]: Stopping server
